[main b9b81d6e] Auto backup: 2025-06-28 02:30:01
 1 file changed, 0 insertions(+), 0 deletions(-)
 create mode 100644 backup.log
error: cannot pull with rebase: You have unstaged changes.
error: Please commit or stash them.
remote: This repository moved. Please use the new location:        
remote:   https://github.com/Cvayoyo/rotate-backup.git        
To https://github.com/cvayoyo/rotate-backup.git
   3e201f6e..b9b81d6e  main -> main
[main 30c952b0] Auto backup: 2025-06-28 02:40:01
 3 files changed, 52 insertions(+), 7337 deletions(-)
 delete mode 100644 cron.log
 create mode 100644 unlimit.sh
error: cannot pull with rebase: You have unstaged changes.
error: Please commit or stash them.
remote: This repository moved. Please use the new location:        
remote:   https://github.com/Cvayoyo/rotate-backup.git        
To https://github.com/cvayoyo/rotate-backup.git
   b9b81d6e..30c952b0  main -> main
[main 2383f17b] Auto backup: 2025-06-28 02:50:01
 1 file changed, 10 insertions(+)
error: cannot pull with rebase: You have unstaged changes.
error: Please commit or stash them.
remote: This repository moved. Please use the new location:        
remote:   https://github.com/Cvayoyo/rotate-backup.git        
To https://github.com/cvayoyo/rotate-backup.git
   30c952b0..2383f17b  main -> main
[main e4bafd92] Auto backup: 2025-06-28 03:00:01
 2 files changed, 344 insertions(+), 336 deletions(-)
error: cannot pull with rebase: You have unstaged changes.
error: Please commit or stash them.
remote: This repository moved. Please use the new location:        
remote:   https://github.com/Cvayoyo/rotate-backup.git        
To https://github.com/cvayoyo/rotate-backup.git
   2383f17b..e4bafd92  main -> main
