 2025-06-29 19:25:41 INFO: using tcp fast open
 2025-06-29 19:25:41 INFO: initializing ciphers... aes-128-gcm
 2025-06-29 19:25:41 INFO: listening at 0.0.0.0:10336
 2025-06-29 19:25:41 INFO: tcp port reuse enabled
 2025-06-29 19:25:41 INFO: udprelay enabled
 2025-06-29 19:25:41 INFO: udp port reuse enabled
 2025-06-29 19:25:41 INFO: running from root user
 2025-06-30 05:45:28 ERROR: crypto: AEAD: repeat salt detected
 2025-06-30 05:45:28 ERROR: failed to handshake with 3.80.208.181: suspicious UDP packet
 2025-07-04 19:07:03 INFO: using tcp fast open
 2025-07-04 19:07:03 INFO: enable TCP no-delay
 2025-07-04 19:07:03 INFO: initializing ciphers... aes-128-gcm
 2025-07-04 19:07:03 INFO: listening at 0.0.0.0:10341
 2025-07-04 19:07:03 INFO: tcp port reuse enabled
 2025-07-04 19:07:03 INFO: udprelay enabled
 2025-07-04 19:07:03 INFO: udp port reuse enabled
 2025-07-04 19:07:03 INFO: running from root user
 2025-07-13 14:50:06 INFO: using tcp fast open
 2025-07-13 14:50:06 INFO: initializing ciphers... aes-128-gcm
 2025-07-13 14:50:06 INFO: listening at 0.0.0.0:10561
 2025-07-13 14:50:06 INFO: tcp port reuse enabled
 2025-07-13 14:50:06 INFO: udprelay enabled
 2025-07-13 14:50:06 INFO: udp port reuse enabled
 2025-07-13 14:50:06 INFO: running from root user
