 2025-07-10 21:20:27 INFO: using tcp fast open
 2025-07-10 21:20:27 INFO: enable TCP no-delay
 2025-07-10 21:20:27 INFO: initializing ciphers... aes-128-gcm
 2025-07-10 21:20:27 INFO: listening at 0.0.0.0:10331
 2025-07-10 21:20:27 INFO: tcp port reuse enabled
 2025-07-10 21:20:27 INFO: udprelay enabled
 2025-07-10 21:20:27 INFO: udp port reuse enabled
 2025-07-10 21:20:27 INFO: running from root user
 2025-07-13 14:04:33 INFO: using tcp fast open
 2025-07-13 14:04:33 INFO: enable TCP no-delay
 2025-07-13 14:04:33 INFO: initializing ciphers... aes-128-gcm
 2025-07-13 14:04:33 INFO: listening at 0.0.0.0:10550
 2025-07-13 14:04:33 INFO: tcp port reuse enabled
 2025-07-13 14:04:33 INFO: udprelay enabled
 2025-07-13 14:04:33 INFO: udp port reuse enabled
 2025-07-13 14:04:33 INFO: running from root user
 2025-07-13 14:04:35 INFO: closed gracefully
 2025-07-13 14:05:19 INFO: using tcp fast open
 2025-07-13 14:05:19 INFO: enable TCP no-delay
 2025-07-13 14:05:19 INFO: initializing ciphers... aes-128-gcm
 2025-07-13 14:05:19 INFO: listening at 0.0.0.0:10336
 2025-07-13 14:05:19 INFO: tcp port reuse enabled
 2025-07-13 14:05:19 INFO: udprelay enabled
 2025-07-13 14:05:19 INFO: udp port reuse enabled
 2025-07-13 14:05:19 INFO: running from root user
 2025-07-13 14:05:25 INFO: using tcp fast open
 2025-07-13 14:05:25 INFO: enable TCP no-delay
 2025-07-13 14:05:25 INFO: initializing ciphers... aes-128-gcm
 2025-07-13 14:05:25 INFO: listening at 0.0.0.0:10550
 2025-07-13 14:05:25 INFO: tcp port reuse enabled
 2025-07-13 14:05:25 INFO: udprelay enabled
 2025-07-13 14:05:25 INFO: udp port reuse enabled
 2025-07-13 14:05:25 INFO: running from root user
 2025-07-13 14:14:41 INFO: using tcp fast open
 2025-07-13 14:14:41 INFO: enable TCP no-delay
 2025-07-13 14:14:41 INFO: initializing ciphers... aes-128-gcm
 2025-07-13 14:14:41 INFO: listening at 0.0.0.0:10550
 2025-07-13 14:14:41 INFO: tcp port reuse enabled
 2025-07-13 14:14:41 INFO: udprelay enabled
 2025-07-13 14:14:41 INFO: udp port reuse enabled
 2025-07-13 14:14:41 INFO: running from root user
